[INFO ] [2025-09-18T09:25:28,641] [main] [WebMvcTestContextBootstrapper] Neither @ContextConfiguration nor @ContextHierarchy found for test class [br.com.gubee.interview.core.features.hero.HeroControllerTest], using SpringBootContextLoader 
[INFO ] [2025-09-18T09:25:28,667] [main] [AbstractContextLoader] Could not detect default resource locations for test class [br.com.gubee.interview.core.features.hero.HeroControllerTest]: no resource found for suffixes {-context.xml, Context.groovy}. 
[INFO ] [2025-09-18T09:25:28,668] [main] [AnnotationConfigContextLoaderUtils] Could not detect default configuration classes for test class [br.com.gubee.interview.core.features.hero.HeroControllerTest]: HeroControllerTest does not declare any static, non-private, non-final, nested classes annotated with @Configuration. 
[INFO ] [2025-09-18T09:25:28,900] [main] [SpringBootTestContextBootstrapper] Found @SpringBootConfiguration br.com.gubee.interview.core.Application for test class br.com.gubee.interview.core.features.hero.HeroControllerTest 
[INFO ] [2025-09-18T09:25:28,905] [main] [WebMvcTestContextBootstrapper] Loaded default TestExecutionListener class names from location [META-INF/spring.factories]: [org.springframework.boot.test.mock.mockito.MockitoTestExecutionListener, org.springframework.boot.test.mock.mockito.ResetMocksTestExecutionListener, org.springframework.boot.test.autoconfigure.restdocs.RestDocsTestExecutionListener, org.springframework.boot.test.autoconfigure.web.client.MockRestServiceServerResetTestExecutionListener, org.springframework.boot.test.autoconfigure.web.servlet.MockMvcPrintOnlyOnFailureTestExecutionListener, org.springframework.boot.test.autoconfigure.web.servlet.WebDriverTestExecutionListener, org.springframework.boot.test.autoconfigure.webservices.client.MockWebServiceServerTestExecutionListener, org.springframework.test.context.web.ServletTestExecutionListener, org.springframework.test.context.support.DirtiesContextBeforeModesTestExecutionListener, org.springframework.test.context.event.ApplicationEventsTestExecutionListener, org.springframework.test.context.support.DependencyInjectionTestExecutionListener, org.springframework.test.context.support.DirtiesContextTestExecutionListener, org.springframework.test.context.transaction.TransactionalTestExecutionListener, org.springframework.test.context.jdbc.SqlScriptsTestExecutionListener, org.springframework.test.context.event.EventPublishingTestExecutionListener] 
[INFO ] [2025-09-18T09:25:28,930] [main] [WebMvcTestContextBootstrapper] Using TestExecutionListeners: [org.springframework.test.context.web.ServletTestExecutionListener@68105edc, org.springframework.test.context.support.DirtiesContextBeforeModesTestExecutionListener@511816c0, org.springframework.test.context.event.ApplicationEventsTestExecutionListener@38b972d7, org.springframework.boot.test.mock.mockito.MockitoTestExecutionListener@5339bbad, org.springframework.boot.test.autoconfigure.SpringBootDependencyInjectionTestExecutionListener@3935e9a8, org.springframework.test.context.support.DirtiesContextTestExecutionListener@288a4658, org.springframework.test.context.transaction.TransactionalTestExecutionListener@5b56b654, org.springframework.test.context.jdbc.SqlScriptsTestExecutionListener@452c8a40, org.springframework.test.context.event.EventPublishingTestExecutionListener@534243e4, org.springframework.boot.test.mock.mockito.ResetMocksTestExecutionListener@29006752, org.springframework.boot.test.autoconfigure.restdocs.RestDocsTestExecutionListener@470a9030, org.springframework.boot.test.autoconfigure.web.client.MockRestServiceServerResetTestExecutionListener@66d57c1b, org.springframework.boot.test.autoconfigure.web.servlet.MockMvcPrintOnlyOnFailureTestExecutionListener@27494e46, org.springframework.boot.test.autoconfigure.web.servlet.WebDriverTestExecutionListener@d59970a, org.springframework.boot.test.autoconfigure.webservices.client.MockWebServiceServerTestExecutionListener@1e411d81] 
[INFO ] [2025-09-18T09:25:29,434] [background-preinit] [Version] HV000001: Hibernate Validator 6.2.3.Final 
[INFO ] [2025-09-18T09:25:29,501] [main] [HeroControllerTest] Starting HeroControllerTest using Java 17.0.12 on DESKTOP-FAH75N0 with PID 2472 (started by 00226 in C:\Guia Gubee\interview-junior\core) 
[INFO ] [2025-09-18T09:25:29,508] [main] [HeroControllerTest] No active profile set, falling back to 1 default profile: "default" 
[INFO ] [2025-09-18T09:25:32,564] [main] [SpringBootMockServletContext] Initializing Spring TestDispatcherServlet '' 
[INFO ] [2025-09-18T09:25:32,565] [main] [TestDispatcherServlet] Initializing Servlet '' 
[INFO ] [2025-09-18T09:25:32,568] [main] [TestDispatcherServlet] Completed initialization in 3 ms 
[INFO ] [2025-09-18T09:25:32,615] [main] [HeroControllerTest] Started HeroControllerTest in 3.617 seconds (JVM running for 6.349) 
[INFO ] [2025-09-18T09:25:40,667] [main] [SpringBootTestContextBootstrapper] Neither @ContextConfiguration nor @ContextHierarchy found for test class [br.com.gubee.interview.core.features.hero.HeroServiceIT], using SpringBootContextLoader 
[INFO ] [2025-09-18T09:25:40,678] [main] [AbstractContextLoader] Could not detect default resource locations for test class [br.com.gubee.interview.core.features.hero.HeroServiceIT]: no resource found for suffixes {-context.xml, Context.groovy}. 
[INFO ] [2025-09-18T09:25:40,679] [main] [AnnotationConfigContextLoaderUtils] Could not detect default configuration classes for test class [br.com.gubee.interview.core.features.hero.HeroServiceIT]: HeroServiceIT does not declare any static, non-private, non-final, nested classes annotated with @Configuration. 
[INFO ] [2025-09-18T09:25:40,845] [main] [SpringBootTestContextBootstrapper] Found @SpringBootConfiguration br.com.gubee.interview.core.Application for test class br.com.gubee.interview.core.features.hero.HeroServiceIT 
[INFO ] [2025-09-18T09:25:40,961] [main] [SpringBootTestContextBootstrapper] Loaded default TestExecutionListener class names from location [META-INF/spring.factories]: [org.springframework.boot.test.mock.mockito.MockitoTestExecutionListener, org.springframework.boot.test.mock.mockito.ResetMocksTestExecutionListener, org.springframework.boot.test.autoconfigure.restdocs.RestDocsTestExecutionListener, org.springframework.boot.test.autoconfigure.web.client.MockRestServiceServerResetTestExecutionListener, org.springframework.boot.test.autoconfigure.web.servlet.MockMvcPrintOnlyOnFailureTestExecutionListener, org.springframework.boot.test.autoconfigure.web.servlet.WebDriverTestExecutionListener, org.springframework.boot.test.autoconfigure.webservices.client.MockWebServiceServerTestExecutionListener, org.springframework.test.context.web.ServletTestExecutionListener, org.springframework.test.context.support.DirtiesContextBeforeModesTestExecutionListener, org.springframework.test.context.event.ApplicationEventsTestExecutionListener, org.springframework.test.context.support.DependencyInjectionTestExecutionListener, org.springframework.test.context.support.DirtiesContextTestExecutionListener, org.springframework.test.context.transaction.TransactionalTestExecutionListener, org.springframework.test.context.jdbc.SqlScriptsTestExecutionListener, org.springframework.test.context.event.EventPublishingTestExecutionListener] 
[INFO ] [2025-09-18T09:25:40,981] [main] [SpringBootTestContextBootstrapper] Using TestExecutionListeners: [org.springframework.test.context.web.ServletTestExecutionListener@5395ea39, org.springframework.test.context.support.DirtiesContextBeforeModesTestExecutionListener@1517f633, org.springframework.test.context.event.ApplicationEventsTestExecutionListener@4fe01803, org.springframework.boot.test.mock.mockito.MockitoTestExecutionListener@13d186db, org.springframework.boot.test.autoconfigure.SpringBootDependencyInjectionTestExecutionListener@6f6962ba, org.springframework.test.context.support.DirtiesContextTestExecutionListener@4565a70a, org.springframework.test.context.transaction.TransactionalTestExecutionListener@a0a9fa5, org.springframework.test.context.jdbc.SqlScriptsTestExecutionListener@15723761, org.springframework.test.context.event.EventPublishingTestExecutionListener@312afbc7, org.springframework.boot.test.mock.mockito.ResetMocksTestExecutionListener@599f571f, org.springframework.boot.test.autoconfigure.restdocs.RestDocsTestExecutionListener@7b60c3e, org.springframework.boot.test.autoconfigure.web.client.MockRestServiceServerResetTestExecutionListener@3fbfa96, org.springframework.boot.test.autoconfigure.web.servlet.MockMvcPrintOnlyOnFailureTestExecutionListener@6569dded, org.springframework.boot.test.autoconfigure.web.servlet.WebDriverTestExecutionListener@466d49f0, org.springframework.boot.test.autoconfigure.webservices.client.MockWebServiceServerTestExecutionListener@710d7aff] 
[INFO ] [2025-09-18T09:25:41,397] [background-preinit] [Version] HV000001: Hibernate Validator 6.2.3.Final 
[INFO ] [2025-09-18T09:25:41,457] [main] [HeroServiceIT] Starting HeroServiceIT using Java 17.0.12 on DESKTOP-FAH75N0 with PID 8124 (started by 00226 in C:\Guia Gubee\interview-junior\core) 
[INFO ] [2025-09-18T09:25:41,463] [main] [HeroServiceIT] The following 1 profile is active: "it" 
[INFO ] [2025-09-18T09:25:42,474] [main] [RepositoryConfigurationDelegate] Multiple Spring Data modules found, entering strict repository configuration mode! 
[INFO ] [2025-09-18T09:25:42,479] [main] [RepositoryConfigurationDelegate] Bootstrapping Spring Data JDBC repositories in DEFAULT mode. 
[INFO ] [2025-09-18T09:25:42,503] [main] [RepositoryConfigurationDelegate] Finished Spring Data repository scanning in 16 ms. Found 0 JDBC repository interfaces. 
[INFO ] [2025-09-18T09:25:42,522] [main] [RepositoryConfigurationDelegate] Multiple Spring Data modules found, entering strict repository configuration mode! 
[INFO ] [2025-09-18T09:25:42,524] [main] [RepositoryConfigurationDelegate] Bootstrapping Spring Data JPA repositories in DEFAULT mode. 
[INFO ] [2025-09-18T09:25:42,540] [main] [RepositoryConfigurationDelegate] Finished Spring Data repository scanning in 6 ms. Found 0 JPA repository interfaces. 
[INFO ] [2025-09-18T09:25:43,749] [main] [TomcatWebServer] Tomcat initialized with port(s): 0 (http) 
[INFO ] [2025-09-18T09:25:43,771] [main] [Http11NioProtocol] The ["http-nio-auto-1"] connector has been configured to support HTTP upgrade to [h2c] 
[INFO ] [2025-09-18T09:25:43,774] [main] [Http11NioProtocol] Initializing ProtocolHandler ["http-nio-auto-1"] 
[INFO ] [2025-09-18T09:25:43,777] [main] [StandardService] Starting service [Tomcat] 
[INFO ] [2025-09-18T09:25:43,779] [main] [StandardEngine] Starting Servlet engine: [Apache Tomcat/9.0.62] 
[INFO ] [2025-09-18T09:25:44,026] [main] [[/]] Initializing Spring embedded WebApplicationContext 
[INFO ] [2025-09-18T09:25:44,026] [main] [ServletWebServerApplicationContext] Root WebApplicationContext: initialization completed in 2525 ms 
[INFO ] [2025-09-18T09:25:44,449] [main] [HikariDataSource] HikariPool-1 - Starting... 
[INFO ] [2025-09-18T09:25:44,701] [main] [HikariDataSource] HikariPool-1 - Start completed. 
[INFO ] [2025-09-18T09:25:44,738] [main] [VersionPrinter] Flyway Community Edition 8.0.5 by Redgate 
[INFO ] [2025-09-18T09:25:44,740] [main] [BaseDatabaseType] Database: jdbc:postgresql://localhost:5432/postgres (PostgreSQL 15.14) 
[WARN ] [2025-09-18T09:25:44,763] [main] [Database] Flyway upgrade recommended: PostgreSQL 15.14 is newer than this version of Flyway and support has not been tested. The latest supported version of PostgreSQL is 14. 
[INFO ] [2025-09-18T09:25:45,056] [main] [DbValidate] Successfully validated 4 migrations (execution time 00:00.071s) 
[INFO ] [2025-09-18T09:25:45,089] [main] [DbMigrate] Current version of schema "interview_service": 1.1 
[INFO ] [2025-09-18T09:25:45,092] [main] [DbMigrate] Schema "interview_service" is up to date. No migration necessary. 
[INFO ] [2025-09-18T09:25:45,387] [main] [LogHelper] HHH000204: Processing PersistenceUnitInfo [name: default] 
[INFO ] [2025-09-18T09:25:45,510] [main] [Version] HHH000412: Hibernate ORM core version 5.6.8.Final 
[INFO ] [2025-09-18T09:25:45,819] [main] [Version] HCANN000001: Hibernate Commons Annotations {5.1.2.Final} 
[INFO ] [2025-09-18T09:25:46,055] [main] [Dialect] HHH000400: Using dialect: org.hibernate.dialect.PostgreSQL10Dialect 
[INFO ] [2025-09-18T09:25:46,349] [main] [JtaPlatformInitiator] HHH000490: Using JtaPlatform implementation: [org.hibernate.engine.transaction.jta.platform.internal.NoJtaPlatform] 
[INFO ] [2025-09-18T09:25:46,365] [main] [LocalContainerEntityManagerFactoryBean] Initialized JPA EntityManagerFactory for persistence unit 'default' 
[WARN ] [2025-09-18T09:25:46,604] [main] [JpaBaseConfiguration$JpaWebConfiguration] spring.jpa.open-in-view is enabled by default. Therefore, database queries may be performed during view rendering. Explicitly configure spring.jpa.open-in-view to disable this warning 
[INFO ] [2025-09-18T09:25:47,707] [main] [Http11NioProtocol] Starting ProtocolHandler ["http-nio-auto-1"] 
[INFO ] [2025-09-18T09:25:47,747] [main] [TomcatWebServer] Tomcat started on port(s): 52206 (http) with context path '' 
[INFO ] [2025-09-18T09:25:47,762] [main] [HeroServiceIT] Started HeroServiceIT in 6.731 seconds (JVM running for 9.506) 
[INFO ] [2025-09-18T09:25:48,416] [SpringApplicationShutdownHook] [LocalContainerEntityManagerFactoryBean] Closing JPA EntityManagerFactory for persistence unit 'default' 
[INFO ] [2025-09-18T09:25:48,419] [SpringApplicationShutdownHook] [HikariDataSource] HikariPool-1 - Shutdown initiated... 
[INFO ] [2025-09-18T09:25:48,433] [SpringApplicationShutdownHook] [HikariDataSource] HikariPool-1 - Shutdown completed. 
