[INFO ] [2025-09-04T08:32:21,555] [background-preinit] [Version] HV000001: Hibernate Validator 6.2.3.Final 
[INFO ] [2025-09-04T08:32:21,588] [main] [Application] Starting Application using Java 17.0.12 on DESKTOP-FAH75N0 with PID 15144 (C:\Guia Gubee\interview-junior\core\target\classes started by 00226 in C:\Guia Gubee\interview-junior) 
[INFO ] [2025-09-04T08:32:21,592] [main] [Application] No active profile set, falling back to 1 default profile: "default" 
[INFO ] [2025-09-04T08:32:22,405] [main] [RepositoryConfigurationDelegate] Bootstrapping Spring Data JDBC repositories in DEFAULT mode. 
[INFO ] [2025-09-04T08:32:22,421] [main] [RepositoryConfigurationDelegate] Finished Spring Data repository scanning in 9 ms. Found 0 JDBC repository interfaces. 
[INFO ] [2025-09-04T08:32:23,086] [main] [TomcatWebServer] Tomcat initialized with port(s): 8080 (http) 
[INFO ] [2025-09-04T08:32:23,109] [main] [Http11NioProtocol] The ["http-nio-8080"] connector has been configured to support HTTP upgrade to [h2c] 
[INFO ] [2025-09-04T08:32:23,109] [main] [Http11NioProtocol] Initializing ProtocolHandler ["http-nio-8080"] 
[INFO ] [2025-09-04T08:32:23,110] [main] [StandardService] Starting service [Tomcat] 
[INFO ] [2025-09-04T08:32:23,111] [main] [StandardEngine] Starting Servlet engine: [Apache Tomcat/9.0.62] 
[INFO ] [2025-09-04T08:32:23,240] [main] [[/]] Initializing Spring embedded WebApplicationContext 
[INFO ] [2025-09-04T08:32:23,241] [main] [ServletWebServerApplicationContext] Root WebApplicationContext: initialization completed in 1598 ms 
[INFO ] [2025-09-04T08:32:23,443] [main] [HikariDataSource] HikariPool-1 - Starting... 
[INFO ] [2025-09-04T08:32:23,694] [main] [HikariDataSource] HikariPool-1 - Start completed. 
[INFO ] [2025-09-04T08:32:23,737] [main] [VersionPrinter] Flyway Community Edition 8.0.5 by Redgate 
[INFO ] [2025-09-04T08:32:23,737] [main] [BaseDatabaseType] Database: jdbc:postgresql://localhost:5432/postgres (PostgreSQL 15.14) 
[WARN ] [2025-09-04T08:32:23,755] [main] [Database] Flyway upgrade recommended: PostgreSQL 15.14 is newer than this version of Flyway and support has not been tested. The latest supported version of PostgreSQL is 14. 
[INFO ] [2025-09-04T08:32:23,940] [main] [DbValidate] Successfully validated 4 migrations (execution time 00:00.054s) 
[INFO ] [2025-09-04T08:32:23,963] [main] [DbMigrate] Current version of schema "interview_service": 1.1 
[INFO ] [2025-09-04T08:32:23,966] [main] [DbMigrate] Schema "interview_service" is up to date. No migration necessary. 
[INFO ] [2025-09-04T08:32:24,563] [main] [Http11NioProtocol] Starting ProtocolHandler ["http-nio-8080"] 
[INFO ] [2025-09-04T08:32:24,586] [main] [TomcatWebServer] Tomcat started on port(s): 8080 (http) with context path '' 
[INFO ] [2025-09-04T08:32:24,597] [main] [Application] Started Application in 3.449 seconds (JVM running for 5.336) 
